<?xml version="1.0" encoding="UTF-8"?>
<testng-results skipped="0" failed="0" total="1" passed="1">
  <reporter-output>
  </reporter-output>
  <suite name="Default suite" duration-ms="4971" started-at="2016-07-14T11:14:10Z" finished-at="2016-07-14T11:14:15Z">
    <groups>
    </groups>
    <test name="Default test" duration-ms="4971" started-at="2016-07-14T11:14:10Z" finished-at="2016-07-14T11:14:15Z">
      <class name="testJenkins.NewTest">
        <test-method status="PASS" signature="f()[pri:0, instance:testJenkins.NewTest@2d6a9952]" name="f" duration-ms="4940" started-at="2016-07-14T16:44:10Z" finished-at="2016-07-14T16:44:15Z">
          <reporter-output>
          </reporter-output>
        </test-method> <!-- f -->
      </class> <!-- testJenkins.NewTest -->
    </test> <!-- Default test -->
  </suite> <!-- Default suite -->
</testng-results>
