<?xml version="1.0" encoding="UTF-8"?>
<testng-results skipped="0" failed="0" total="1" passed="1">
  <reporter-output>
  </reporter-output>
  <suite name="Suite" duration-ms="3162" started-at="2016-07-14T13:12:51Z" finished-at="2016-07-14T13:12:54Z">
    <groups>
    </groups>
    <test name="Test" duration-ms="3162" started-at="2016-07-14T13:12:51Z" finished-at="2016-07-14T13:12:54Z">
      <class name="testJenkins.NewTest">
        <test-method status="PASS" signature="f()[pri:0, instance:testJenkins.NewTest@2d6a9952]" name="f" duration-ms="3138" started-at="2016-07-14T18:42:51Z" finished-at="2016-07-14T18:42:54Z">
          <reporter-output>
          </reporter-output>
        </test-method> <!-- f -->
      </class> <!-- testJenkins.NewTest -->
    </test> <!-- Test -->
  </suite> <!-- Suite -->
</testng-results>
